       Fresh unicode-ident v1.0.22
       Fresh version_check v0.9.5
       Fresh cfg-if v1.0.4
       Fresh semver v1.0.27
       Fresh find-msvc-tools v0.1.5
       Fresh shlex v1.3.0
       Fresh cpufeatures v0.2.17
       Fresh signature v2.2.0
       Fresh subtle v2.6.1
       Fresh zeroize v1.8.2
       Fresh arrayref v0.3.9
       Fresh arrayvec v0.7.6
       Fresh constant_time_eq v0.3.1
       Fresh proc-macro2 v1.0.103
       Fresh rustc_version v0.4.1
       Fresh getrandom v0.2.16
       Fresh cc v1.2.50
       Fresh quote v1.0.42
       Fresh typenum v1.19.0
       Fresh serde_core v1.0.228
       Fresh rand_core v0.6.4
       Fresh zerocopy v0.8.31
       Fresh syn v2.0.111
       Fresh generic-array v0.14.7
       Fresh ppv-lite86 v0.2.21
       Fresh serde_derive v1.0.228
       Fresh block-buffer v0.10.4
       Fresh crypto-common v0.1.7
       Fresh curve25519-dalek-derive v0.1.1
       Fresh thiserror-impl v1.0.69
       Fresh rand_chacha v0.3.1
       Fresh blake3 v1.8.2
       Fresh serde v1.0.228
       Fresh digest v0.10.7
       Fresh rand v0.8.5
       Fresh thiserror v1.0.69
       Fresh sha2 v0.10.9
       Fresh ed25519 v2.2.3
       Fresh curve25519-dalek v4.1.3
       Fresh bincode v1.3.3
       Fresh ed25519-dalek v2.2.0
   Compiling vdb v0.1.0 (E:\repos\AiAgentsModel-\verifiable-ai\crates\vdb)
     Running `C:\Users\Admin\.rustup\toolchains\stable-x86_64-pc-windows-msvc\bin\rustc.exe --crate-name vdb --edition=2021 crates\vdb\src\lib.rs --error-format=json --json=diagnostic-rendered-ansi,artifacts,future-incompat --crate-type lib --emit=dep-info,metadata,link -C embed-bitcode=no -C debuginfo=2 --check-cfg cfg(docsrs,test) --check-cfg "cfg(feature, values())" -C metadata=664b7c9adb8f4f19 -C extra-filename=-d8c6e8d20713d59e --out-dir E:\repos\AiAgentsModel-\verifiable-ai\target\debug\deps -C incremental=E:\repos\AiAgentsModel-\verifiable-ai\target\debug\incremental -L dependency=E:\repos\AiAgentsModel-\verifiable-ai\target\debug\deps --extern bincode=E:\repos\AiAgentsModel-\verifiable-ai\target\debug\deps\libbincode-d019085134035be1.rmeta --extern blake3=E:\repos\AiAgentsModel-\verifiable-ai\target\debug\deps\libblake3-2a5a267714223485.rmeta --extern ed25519_dalek=E:\repos\AiAgentsModel-\verifiable-ai\target\debug\deps\libed25519_dalek-d81f34f606bbb1d2.rmeta --extern rand=E:\repos\AiAgentsModel-\verifiable-ai\target\debug\deps\librand-664bd7e069937164.rmeta --extern rand_core=E:\repos\AiAgentsModel-\verifiable-ai\target\debug\deps\librand_core-9f0303778d046691.rmeta --extern serde=E:\repos\AiAgentsModel-\verifiable-ai\target\debug\deps\libserde-7370a7ce4e26dd3e.rmeta --extern thiserror=E:\repos\AiAgentsModel-\verifiable-ai\target\debug\deps\libthiserror-642d5f9545b5edff.rmeta -L native=E:\repos\AiAgentsModel-\verifiable-ai\target\debug\build\blake3-c13c7dc4b5b92318\out -L native=E:\repos\AiAgentsModel-\verifiable-ai\target\debug\build\blake3-c13c7dc4b5b92318\out -L "native=C:\Program Files\Microsoft Visual Studio\18\Insiders\VC\Tools\MSVC\14.50.35717\atlmfc\lib\x64" -L "native=C:\Program Files\Microsoft Visual Studio\18\Insiders\VC\Tools\MSVC\14.50.35717\atlmfc\lib\x64"`
warning: unused import: `Signature`
  --> crates\vdb\src\lib.rs:16:47
   |
16 | use ed25519_dalek::{SigningKey, VerifyingKey, Signature, Signer as _};
   |                                               ^^^^^^^^^
   |
   = note: `#[warn(unused_imports)]` (part of `#[warn(unused)]`) on by default

error[E0277]: the trait bound `[u8; 64]: serde::Serialize` is not satisfied
    --> crates\vdb\src\types.rs:9:24
     |
   9 | #[derive(Clone, Debug, Serialize, Deserialize)]
     |                        ^^^^^^^^^ the trait `Serialize` is not implemented for `[u8; 64]`
...
  15 |     pub signature: [u8; 64],
     |     --- required by a bound introduced by this call
     |
     = note: for local types consider adding `#[derive(serde::Serialize)]` to your `[u8; 64]` type
     = note: for types from other crates check whether the crate offers a `serde` feature flag
     = help: the following other types implement trait `Serialize`:
               [T; 0]
               [T]
               [T; 1]
               [T; 2]
               [T; 3]
               [T; 4]
               [T; 5]
               [T; 6]
             and 26 others
note: required by a bound in `types::_::_serde::ser::SerializeStruct::serialize_field`
    --> C:\Users\Admin\.cargo\registry\src\index.crates.io-1949cf8c6b5b557f\serde_core-1.0.228\src\ser\mod.rs:1917:21
     |
1915 |     fn serialize_field<T>(&mut self, key: &'static str, value: &T) -> Result<(), Self::Error>
     |        --------------- required by a bound in this associated function
1916 |     where
1917 |         T: ?Sized + Serialize;
     |                     ^^^^^^^^^ required by this bound in `SerializeStruct::serialize_field`
     = note: this error originates in the derive macro `Serialize` (in Nightly builds, run with -Z macro-backtrace for more info)

error[E0277]: the trait bound `[u8; 64]: serde::Deserialize<'de>` is not satisfied
    --> crates\vdb\src\types.rs:15:20
     |
  15 |     pub signature: [u8; 64],
     |                    ^^^^^^^^ the trait `Deserialize<'_>` is not implemented for `[u8; 64]`
     |
     = note: for local types consider adding `#[derive(serde::Deserialize)]` to your `[u8; 64]` type
     = note: for types from other crates check whether the crate offers a `serde` feature flag
     = help: the following other types implement trait `Deserialize<'de>`:
               &[u8]
               [T; 0]
               [T; 1]
               [T; 2]
               [T; 3]
               [T; 4]
               [T; 5]
               [T; 6]
             and 26 others
note: required by a bound in `next_element`
    --> C:\Users\Admin\.cargo\registry\src\index.crates.io-1949cf8c6b5b557f\serde_core-1.0.228\src\de\mod.rs:1771:12
     |
1769 |     fn next_element<T>(&mut self) -> Result<Option<T>, Self::Error>
     |        ------------ required by a bound in this associated function
1770 |     where
1771 |         T: Deserialize<'de>,
     |            ^^^^^^^^^^^^^^^^ required by this bound in `SeqAccess::next_element`

error[E0277]: the trait bound `[u8; 64]: serde::Deserialize<'de>` is not satisfied
    --> crates\vdb\src\types.rs:15:20
     |
  15 |     pub signature: [u8; 64],
     |                    ^^^^^^^^ the trait `Deserialize<'_>` is not implemented for `[u8; 64]`
     |
     = note: for local types consider adding `#[derive(serde::Deserialize)]` to your `[u8; 64]` type
     = note: for types from other crates check whether the crate offers a `serde` feature flag
     = help: the following other types implement trait `Deserialize<'de>`:
               &[u8]
               [T; 0]
               [T; 1]
               [T; 2]
               [T; 3]
               [T; 4]
               [T; 5]
               [T; 6]
             and 26 others
note: required by a bound in `next_value`
    --> C:\Users\Admin\.cargo\registry\src\index.crates.io-1949cf8c6b5b557f\serde_core-1.0.228\src\de\mod.rs:1916:12
     |
1914 |     fn next_value<V>(&mut self) -> Result<V, Self::Error>
     |        ---------- required by a bound in this associated function
1915 |     where
1916 |         V: Deserialize<'de>,
     |            ^^^^^^^^^^^^^^^^ required by this bound in `MapAccess::next_value`

error[E0277]: the trait bound `[u8; 64]: serde::Deserialize<'de>` is not satisfied
  --> crates\vdb\src\types.rs:9:35
   |
 9 | #[derive(Clone, Debug, Serialize, Deserialize)]
   |                                   ^^^^^^^^^^^ the trait `Deserialize<'_>` is not implemented for `[u8; 64]`
   |
   = note: for local types consider adding `#[derive(serde::Deserialize)]` to your `[u8; 64]` type
   = note: for types from other crates check whether the crate offers a `serde` feature flag
   = help: the following other types implement trait `Deserialize<'de>`:
             &[u8]
             [T; 0]
             [T; 1]
             [T; 2]
             [T; 3]
             [T; 4]
             [T; 5]
             [T; 6]
           and 26 others
note: required by a bound in `types::_::_serde::__private228::de::missing_field`
  --> C:\Users\Admin\.cargo\registry\src\index.crates.io-1949cf8c6b5b557f\serde-1.0.228\src\private\de.rs:26:8
   |
24 | pub fn missing_field<'de, V, E>(field: &'static str) -> Result<V, E>
   |        ------------- required by a bound in this function
25 | where
26 |     V: Deserialize<'de>,
   |        ^^^^^^^^^^^^^^^^ required by this bound in `missing_field`
   = note: this error originates in the derive macro `Deserialize` (in Nightly builds, run with -Z macro-backtrace for more info)

For more information about this error, try `rustc --explain E0277`.
warning: `vdb` (lib) generated 1 warning
error: could not compile `vdb` (lib) due to 4 previous errors; 1 warning emitted

Caused by:
  process didn't exit successfully: `C:\Users\Admin\.rustup\toolchains\stable-x86_64-pc-windows-msvc\bin\rustc.exe --crate-name vdb --edition=2021 crates\vdb\src\lib.rs --error-format=json --json=diagnostic-rendered-ansi,artifacts,future-incompat --crate-type lib --emit=dep-info,metadata,link -C embed-bitcode=no -C debuginfo=2 --check-cfg cfg(docsrs,test) --check-cfg "cfg(feature, values())" -C metadata=664b7c9adb8f4f19 -C extra-filename=-d8c6e8d20713d59e --out-dir E:\repos\AiAgentsModel-\verifiable-ai\target\debug\deps -C incremental=E:\repos\AiAgentsModel-\verifiable-ai\target\debug\incremental -L dependency=E:\repos\AiAgentsModel-\verifiable-ai\target\debug\deps --extern bincode=E:\repos\AiAgentsModel-\verifiable-ai\target\debug\deps\libbincode-d019085134035be1.rmeta --extern blake3=E:\repos\AiAgentsModel-\verifiable-ai\target\debug\deps\libblake3-2a5a267714223485.rmeta --extern ed25519_dalek=E:\repos\AiAgentsModel-\verifiable-ai\target\debug\deps\libed25519_dalek-d81f34f606bbb1d2.rmeta --extern rand=E:\repos\AiAgentsModel-\verifiable-ai\target\debug\deps\librand-664bd7e069937164.rmeta --extern rand_core=E:\repos\AiAgentsModel-\verifiable-ai\target\debug\deps\librand_core-9f0303778d046691.rmeta --extern serde=E:\repos\AiAgentsModel-\verifiable-ai\target\debug\deps\libserde-7370a7ce4e26dd3e.rmeta --extern thiserror=E:\repos\AiAgentsModel-\verifiable-ai\target\debug\deps\libthiserror-642d5f9545b5edff.rmeta -L native=E:\repos\AiAgentsModel-\verifiable-ai\target\debug\build\blake3-c13c7dc4b5b92318\out -L native=E:\repos\AiAgentsModel-\verifiable-ai\target\debug\build\blake3-c13c7dc4b5b92318\out -L "native=C:\Program Files\Microsoft Visual Studio\18\Insiders\VC\Tools\MSVC\14.50.35717\atlmfc\lib\x64" -L "native=C:\Program Files\Microsoft Visual Studio\18\Insiders\VC\Tools\MSVC\14.50.35717\atlmfc\lib\x64"` (exit code: 1)
